  [1m[35m (102.6ms)[0m  [1m[35mCREATE DATABASE "tp_backend_development" ENCODING = 'unicode'[0m
  [1m[35m (34.3ms)[0m  [1m[35mCREATE DATABASE "tp_backend_test" ENCODING = 'unicode'[0m
  [1m[35m (1.3ms)[0m  [1m[35mCREATE TABLE "schema_migrations" ("version" character varying NOT NULL PRIMARY KEY)[0m
  [1m[35m (0.7ms)[0m  [1m[35mCREATE TABLE "ar_internal_metadata" ("key" character varying NOT NULL PRIMARY KEY, "value" character varying, "created_at" timestamp(6) NOT NULL, "updated_at" timestamp(6) NOT NULL)[0m
  [1m[35m (0.0ms)[0m  [1m[34mSELECT pg_try_advisory_lock(7426068146974968540)[0m
  [1m[36mActiveRecord::SchemaMigration Load (0.2ms)[0m  [1m[34mSELECT "schema_migrations"."version" FROM "schema_migrations" ORDER BY "schema_migrations"."version" ASC[0m
  [1m[36mActiveRecord::InternalMetadata Load (0.2ms)[0m  [1m[34mSELECT * FROM "ar_internal_metadata" WHERE "ar_internal_metadata"."key" = $1 ORDER BY "ar_internal_metadata"."key" ASC LIMIT 1[0m  [[nil, "environment"]]
  [1m[36mActiveRecord::InternalMetadata Create (0.2ms)[0m  [1m[32mINSERT INTO "ar_internal_metadata" ("key", "value", "created_at", "updated_at") VALUES ('environment', 'development', '2024-07-11 18:08:48.342372', '2024-07-11 18:08:48.342374') RETURNING "key"[0m
Migrating to DeviseCreateUsers (20240711180836)
  [1m[36mTRANSACTION (0.0ms)[0m  [1m[35mBEGIN[0m
  [1m[35m (1.3ms)[0m  [1m[35mCREATE TABLE "users" ("id" bigserial primary key, "email" character varying DEFAULT '' NOT NULL, "encrypted_password" character varying DEFAULT '' NOT NULL, "reset_password_token" character varying, "reset_password_sent_at" timestamp(6), "remember_created_at" timestamp(6), "created_at" timestamp(6) NOT NULL, "updated_at" timestamp(6) NOT NULL)[0m
  [1m[35m (0.2ms)[0m  [1m[35mCREATE UNIQUE INDEX "index_users_on_email" ON "users" ("email")[0m
  [1m[35m (0.2ms)[0m  [1m[35mCREATE UNIQUE INDEX "index_users_on_reset_password_token" ON "users" ("reset_password_token")[0m
  [1m[36mActiveRecord::SchemaMigration Create (0.1ms)[0m  [1m[32mINSERT INTO "schema_migrations" ("version") VALUES ('20240711180836') RETURNING "version"[0m
  [1m[36mTRANSACTION (0.2ms)[0m  [1m[35mCOMMIT[0m
  [1m[35m (0.1ms)[0m  [1m[34mSELECT pg_advisory_unlock(7426068146974968540)[0m
  [1m[36mActiveRecord::SchemaMigration Load (0.1ms)[0m  [1m[34mSELECT "schema_migrations"."version" FROM "schema_migrations" ORDER BY "schema_migrations"."version" ASC[0m
  [1m[35m (0.1ms)[0m  [1m[34mSELECT pg_try_advisory_lock(7426068146974968540)[0m
  [1m[36mActiveRecord::SchemaMigration Load (0.5ms)[0m  [1m[34mSELECT "schema_migrations"."version" FROM "schema_migrations" ORDER BY "schema_migrations"."version" ASC[0m
  [1m[36mActiveRecord::InternalMetadata Load (0.9ms)[0m  [1m[34mSELECT * FROM "ar_internal_metadata" WHERE "ar_internal_metadata"."key" = $1 ORDER BY "ar_internal_metadata"."key" ASC LIMIT 1[0m  [[nil, "environment"]]
Migrating to AddNameToUsers (20240711181932)
  [1m[36mTRANSACTION (0.1ms)[0m  [1m[35mBEGIN[0m
  [1m[35m (1.0ms)[0m  [1m[35mALTER TABLE "users" ADD "name" character varying[0m
  [1m[36mActiveRecord::SchemaMigration Create (0.2ms)[0m  [1m[32mINSERT INTO "schema_migrations" ("version") VALUES ('20240711181932') RETURNING "version"[0m
  [1m[36mTRANSACTION (0.8ms)[0m  [1m[35mCOMMIT[0m
  [1m[35m (0.2ms)[0m  [1m[34mSELECT pg_advisory_unlock(7426068146974968540)[0m
  [1m[36mActiveRecord::SchemaMigration Load (0.2ms)[0m  [1m[34mSELECT "schema_migrations"."version" FROM "schema_migrations" ORDER BY "schema_migrations"."version" ASC[0m
  [1m[35m (0.1ms)[0m  [1m[34mSELECT pg_try_advisory_lock(7426068146974968540)[0m
  [1m[36mActiveRecord::SchemaMigration Load (0.7ms)[0m  [1m[34mSELECT "schema_migrations"."version" FROM "schema_migrations" ORDER BY "schema_migrations"."version" ASC[0m
  [1m[36mActiveRecord::InternalMetadata Load (0.8ms)[0m  [1m[34mSELECT * FROM "ar_internal_metadata" WHERE "ar_internal_metadata"."key" = $1 ORDER BY "ar_internal_metadata"."key" ASC LIMIT 1[0m  [[nil, "environment"]]
Migrating to AddJtiToUsers (20240711182732)
  [1m[36mTRANSACTION (0.1ms)[0m  [1m[35mBEGIN[0m
  [1m[35m (1.2ms)[0m  [1m[35mALTER TABLE "users" ADD "jti" character varying NOT NULL[0m
  [1m[35m (1.9ms)[0m  [1m[35mCREATE UNIQUE INDEX "index_users_on_jti" ON "users" ("jti")[0m
  [1m[36mActiveRecord::SchemaMigration Create (0.1ms)[0m  [1m[32mINSERT INTO "schema_migrations" ("version") VALUES ('20240711182732') RETURNING "version"[0m
  [1m[36mTRANSACTION (0.6ms)[0m  [1m[35mCOMMIT[0m
  [1m[35m (0.1ms)[0m  [1m[34mSELECT pg_advisory_unlock(7426068146974968540)[0m
  [1m[36mActiveRecord::SchemaMigration Load (0.1ms)[0m  [1m[34mSELECT "schema_migrations"."version" FROM "schema_migrations" ORDER BY "schema_migrations"."version" ASC[0m
Started POST "/signup" for ::1 at 2024-07-11 15:12:54 -0400
  [1m[36mActiveRecord::SchemaMigration Load (0.7ms)[0m  [1m[34mSELECT "schema_migrations"."version" FROM "schema_migrations" ORDER BY "schema_migrations"."version" ASC[0m
Processing by Users::RegistrationsController#create as */*
  Parameters: {"user"=>{"email"=>"test@precicom.com", "password"=>"[FILTERED]", "name"=>"Test"}, "registration"=>{"user"=>{"email"=>"test@precicom.com", "password"=>"[FILTERED]", "name"=>"Test"}}}
  [1m[36mTRANSACTION (0.1ms)[0m  [1m[35mBEGIN[0m
  [1m[36mUser Exists? (2.3ms)[0m  [1m[34mSELECT 1 AS one FROM "users" WHERE "users"."email" = $1 LIMIT $2[0m  [["email", "test@precicom.com"], ["LIMIT", 1]]
  [1m[36mUser Create (0.5ms)[0m  [1m[32mINSERT INTO "users" ("email", "encrypted_password", "reset_password_token", "reset_password_sent_at", "remember_created_at", "created_at", "updated_at", "name", "jti") VALUES ($1, $2, $3, $4, $5, $6, $7, $8, $9) RETURNING "id"[0m  [["email", "test@precicom.com"], ["encrypted_password", "[FILTERED]"], ["reset_password_token", "[FILTERED]"], ["reset_password_sent_at", "[FILTERED]"], ["remember_created_at", nil], ["created_at", "2024-07-11 19:12:54.881287"], ["updated_at", "2024-07-11 19:12:54.881287"], ["name", "Test"], ["jti", "995118de-6ea6-418e-a8dd-186516a3e704"]]
  [1m[36mTRANSACTION (0.3ms)[0m  [1m[35mCOMMIT[0m
Completed 200 OK in 292ms (Views: 0.1ms | ActiveRecord: 14.1ms | Allocations: 31464)


Started POST "/login" for ::1 at 2024-07-11 15:15:31 -0400
Processing by Users::SessionsController#create as */*
  Parameters: {"user"=>{"email"=>"test@precicom.com", "password"=>"[FILTERED]"}, "session"=>{"user"=>{"email"=>"test@precicom.com", "password"=>"[FILTERED]"}}}
  [1m[36mUser Load (0.3ms)[0m  [1m[34mSELECT "users".* FROM "users" WHERE "users"."email" = $1 ORDER BY "users"."id" ASC LIMIT $2[0m  [["email", "test@precicom.com"], ["LIMIT", 1]]
Completed 200 OK in 224ms (Views: 0.1ms | ActiveRecord: 0.4ms | Allocations: 2438)


Started POST "/login" for ::1 at 2024-07-11 15:23:19 -0400
Processing by Users::SessionsController#create as */*
  Parameters: {"user"=>{"email"=>"error@precicom.com", "password"=>"[FILTERED]"}, "session"=>{"user"=>{"email"=>"error@precicom.com", "password"=>"[FILTERED]"}}}
  [1m[36mUser Load (0.9ms)[0m  [1m[34mSELECT "users".* FROM "users" WHERE "users"."email" = $1 ORDER BY "users"."id" ASC LIMIT $2[0m  [["email", "error@precicom.com"], ["LIMIT", 1]]
Completed 401 Unauthorized in 51ms (ActiveRecord: 5.5ms | Allocations: 3871)


Started POST "/login" for ::1 at 2024-07-11 15:25:11 -0400
Processing by Users::SessionsController#create as */*
  Parameters: {"user"=>{"email"=>"test@precicom.com", "password"=>"[FILTERED]"}, "session"=>{"user"=>{"email"=>"test@precicom.com", "password"=>"[FILTERED]"}}}
  [1m[36mUser Load (0.4ms)[0m  [1m[34mSELECT "users".* FROM "users" WHERE "users"."email" = $1 ORDER BY "users"."id" ASC LIMIT $2[0m  [["email", "test@precicom.com"], ["LIMIT", 1]]
Completed 200 OK in 231ms (Views: 0.1ms | ActiveRecord: 0.4ms | Allocations: 1414)


Started POST "/login" for ::1 at 2024-07-11 15:26:19 -0400
Processing by Users::SessionsController#create as */*
  Parameters: {"user"=>{"email"=>"test@precicom.com", "password"=>"[FILTERED]"}, "session"=>{"user"=>{"email"=>"test@precicom.com", "password"=>"[FILTERED]"}}}
  [1m[36mUser Load (0.4ms)[0m  [1m[34mSELECT "users".* FROM "users" WHERE "users"."email" = $1 ORDER BY "users"."id" ASC LIMIT $2[0m  [["email", "test@precicom.com"], ["LIMIT", 1]]
Completed 200 OK in 231ms (Views: 0.1ms | ActiveRecord: 0.4ms | Allocations: 1414)


Started POST "/login" for ::1 at 2024-07-11 15:28:51 -0400
Processing by Users::SessionsController#create as */*
  Parameters: {"user"=>{"email"=>"test@precicom.com", "password"=>"[FILTERED]"}, "session"=>{"user"=>{"email"=>"test@precicom.com", "password"=>"[FILTERED]"}}}
  [1m[36mUser Load (0.4ms)[0m  [1m[34mSELECT "users".* FROM "users" WHERE "users"."email" = $1 ORDER BY "users"."id" ASC LIMIT $2[0m  [["email", "test@precicom.com"], ["LIMIT", 1]]
Completed 200 OK in 233ms (Views: 0.1ms | ActiveRecord: 0.4ms | Allocations: 1399)


Started POST "/login" for ::1 at 2024-07-11 15:30:49 -0400
Processing by Users::SessionsController#create as */*
  Parameters: {"user"=>{"email"=>"test@precicom.com", "password"=>"[FILTERED]"}, "session"=>{"user"=>{"email"=>"test@precicom.com", "password"=>"[FILTERED]"}}}
  [1m[36mUser Load (0.3ms)[0m  [1m[34mSELECT "users".* FROM "users" WHERE "users"."email" = $1 ORDER BY "users"."id" ASC LIMIT $2[0m  [["email", "test@precicom.com"], ["LIMIT", 1]]
Completed 200 OK in 233ms (Views: 0.1ms | ActiveRecord: 0.3ms | Allocations: 1398)


Started DELETE "/logout" for ::1 at 2024-07-11 15:32:59 -0400
Processing by Users::SessionsController#destroy as */*
Filter chain halted as :verify_signed_out_user rendered or redirected
Completed 401 Unauthorized in 0ms (Views: 0.1ms | ActiveRecord: 0.0ms | Allocations: 116)


Started POST "/login" for ::1 at 2024-07-11 15:34:46 -0400
Processing by Users::SessionsController#create as */*
  Parameters: {"user"=>{"email"=>"test@precicom.com", "password"=>"[FILTERED]"}, "session"=>{"user"=>{"email"=>"test@precicom.com", "password"=>"[FILTERED]"}}}
  [1m[36mUser Load (0.3ms)[0m  [1m[34mSELECT "users".* FROM "users" WHERE "users"."email" = $1 ORDER BY "users"."id" ASC LIMIT $2[0m  [["email", "test@precicom.com"], ["LIMIT", 1]]
Completed 200 OK in 231ms (Views: 0.1ms | ActiveRecord: 0.3ms | Allocations: 1398)


Started DELETE "/logout" for ::1 at 2024-07-11 15:35:29 -0400
Processing by Users::SessionsController#destroy as */*
  Parameters: {"user"=>{"email"=>"test@precicom.com", "password"=>"[FILTERED]"}, "session"=>{"user"=>{"email"=>"test@precicom.com", "password"=>"[FILTERED]"}}}
Filter chain halted as :verify_signed_out_user rendered or redirected
Completed 401 Unauthorized in 0ms (Views: 0.1ms | ActiveRecord: 0.0ms | Allocations: 91)


Started DELETE "/logout" for ::1 at 2024-07-11 15:36:03 -0400
Processing by Users::SessionsController#destroy as */*
Completed 500 Internal Server Error in 1ms (ActiveRecord: 0.0ms | Allocations: 269)


  
JWT::VerificationError (Signature verification failed):
  
app/controllers/users/sessions_controller.rb:17:in `respond_to_on_destroy'
Started DELETE "/logout" for ::1 at 2024-07-11 15:36:46 -0400
Processing by Users::SessionsController#destroy as */*
Filter chain halted as :verify_signed_out_user rendered or redirected
Completed 401 Unauthorized in 0ms (Views: 0.1ms | ActiveRecord: 0.0ms | Allocations: 90)


Started DELETE "/logout" for ::1 at 2024-07-11 15:36:53 -0400
Processing by Users::SessionsController#destroy as */*
Completed 500 Internal Server Error in 0ms (ActiveRecord: 0.0ms | Allocations: 147)


  
JWT::VerificationError (Signature verification failed):
  
app/controllers/users/sessions_controller.rb:17:in `respond_to_on_destroy'
Started DELETE "/logout" for ::1 at 2024-07-11 15:37:21 -0400
Processing by Users::SessionsController#destroy as */*
Completed 500 Internal Server Error in 1ms (ActiveRecord: 0.0ms | Allocations: 147)


  
JWT::VerificationError (Signature verification failed):
  
app/controllers/users/sessions_controller.rb:17:in `respond_to_on_destroy'
Started DELETE "/logout?token=[FILTERED]" for ::1 at 2024-07-11 15:37:35 -0400
Processing by Users::SessionsController#destroy as */*
  Parameters: {"token"=>"[FILTERED]"}
Filter chain halted as :verify_signed_out_user rendered or redirected
Completed 401 Unauthorized in 0ms (Views: 0.1ms | ActiveRecord: 0.0ms | Allocations: 90)


Started DELETE "/logout" for ::1 at 2024-07-11 15:37:39 -0400
Processing by Users::SessionsController#destroy as */*
Completed 500 Internal Server Error in 1ms (ActiveRecord: 0.0ms | Allocations: 147)


  
JWT::VerificationError (Signature verification failed):
  
app/controllers/users/sessions_controller.rb:17:in `respond_to_on_destroy'
Started POST "/login" for ::1 at 2024-07-11 15:37:49 -0400
Processing by Users::SessionsController#create as */*
  Parameters: {"user"=>{"email"=>"test@precicom.com", "password"=>"[FILTERED]"}, "session"=>{"user"=>{"email"=>"test@precicom.com", "password"=>"[FILTERED]"}}}
  [1m[36mUser Load (0.2ms)[0m  [1m[34mSELECT "users".* FROM "users" WHERE "users"."email" = $1 ORDER BY "users"."id" ASC LIMIT $2[0m  [["email", "test@precicom.com"], ["LIMIT", 1]]
Completed 200 OK in 233ms (Views: 0.1ms | ActiveRecord: 0.2ms | Allocations: 1401)


Started DELETE "/logout" for ::1 at 2024-07-11 15:38:05 -0400
Processing by Users::SessionsController#destroy as */*
Completed 500 Internal Server Error in 1ms (ActiveRecord: 0.0ms | Allocations: 147)


  
JWT::VerificationError (Signature verification failed):
  
app/controllers/users/sessions_controller.rb:17:in `respond_to_on_destroy'
Started DELETE "/logout" for ::1 at 2024-07-11 15:38:21 -0400
Processing by Users::SessionsController#destroy as */*
Completed 500 Internal Server Error in 0ms (ActiveRecord: 0.0ms | Allocations: 147)


  
JWT::VerificationError (Signature verification failed):
  
app/controllers/users/sessions_controller.rb:17:in `respond_to_on_destroy'
Started DELETE "/logout" for ::1 at 2024-07-11 15:38:46 -0400
Processing by Users::SessionsController#destroy as */*
Filter chain halted as :verify_signed_out_user rendered or redirected
Completed 401 Unauthorized in 0ms (Views: 0.1ms | ActiveRecord: 0.0ms | Allocations: 90)


Started DELETE "/logout" for ::1 at 2024-07-11 15:38:59 -0400
Processing by Users::SessionsController#destroy as */*
Filter chain halted as :verify_signed_out_user rendered or redirected
Completed 401 Unauthorized in 0ms (Views: 0.1ms | ActiveRecord: 0.0ms | Allocations: 90)


Started DELETE "/logout" for ::1 at 2024-07-11 15:39:09 -0400
Processing by Users::SessionsController#destroy as */*
Filter chain halted as :verify_signed_out_user rendered or redirected
Completed 401 Unauthorized in 0ms (Views: 0.1ms | ActiveRecord: 0.0ms | Allocations: 90)


Started POST "/login" for ::1 at 2024-07-11 15:40:30 -0400
Processing by Users::SessionsController#create as */*
  Parameters: {"user"=>{"email"=>"test@precicom.com", "password"=>"[FILTERED]"}, "session"=>{"user"=>{"email"=>"test@precicom.com", "password"=>"[FILTERED]"}}}
  [1m[36mUser Load (0.1ms)[0m  [1m[34mSELECT "users".* FROM "users" WHERE "users"."email" = $1 ORDER BY "users"."id" ASC LIMIT $2[0m  [["email", "test@precicom.com"], ["LIMIT", 1]]
Completed 200 OK in 230ms (Views: 0.1ms | ActiveRecord: 0.1ms | Allocations: 1401)


Started DELETE "/logout" for ::1 at 2024-07-11 15:41:04 -0400
Processing by Users::SessionsController#destroy as */*
Completed 500 Internal Server Error in 1ms (ActiveRecord: 0.0ms | Allocations: 147)


  
JWT::VerificationError (Signature verification failed):
  
app/controllers/users/sessions_controller.rb:17:in `respond_to_on_destroy'
Started DELETE "/logout" for ::1 at 2024-07-11 15:45:16 -0400
Processing by Users::SessionsController#destroy as */*
  [1m[36mUser Load (0.3ms)[0m  [1m[34mSELECT "users".* FROM "users" WHERE "users"."id" = $1 LIMIT $2[0m  [["id", 1], ["LIMIT", 1]]
  ↳ app/controllers/users/sessions_controller.rb:18:in `respond_to_on_destroy'
Filter chain halted as :verify_signed_out_user rendered or redirected
Completed 200 OK in 3ms (Views: 0.2ms | ActiveRecord: 0.3ms | Allocations: 781)


  [1m[36mCACHE User Load (0.0ms)[0m  [1m[34mSELECT "users".* FROM "users" WHERE "users"."id" = $1 LIMIT $2[0m  [["id", 1], ["LIMIT", 1]]
  [1m[36mUser Update (0.7ms)[0m  [1m[33mUPDATE "users" SET "jti" = $1 WHERE "users"."id" = $2[0m  [["jti", "e80f37e0-5dce-456d-9dd0-381af8cdca74"], ["id", 1]]
Started POST "/signup" for ::1 at 2024-07-16 10:32:49 -0400
  [1m[36mActiveRecord::SchemaMigration Load (0.5ms)[0m  [1m[34mSELECT "schema_migrations"."version" FROM "schema_migrations" ORDER BY "schema_migrations"."version" ASC[0m
Processing by Users::RegistrationsController#create as HTML
  Parameters: {"name"=>"Giovanni", "email"=>"giovanni@giovanni.com", "password"=>"[FILTERED]", "passwordConfirmation"=>"[FILTERED]", "type"=>"[Auth] Sign Up", "registration"=>{"name"=>"Giovanni", "email"=>"giovanni@giovanni.com", "password"=>"[FILTERED]", "passwordConfirmation"=>"[FILTERED]", "type"=>"[Auth] Sign Up"}}
Completed 422 Unprocessable Content in 72ms (Views: 0.1ms | ActiveRecord: 9.5ms | Allocations: 21957)


Started POST "/signup" for ::1 at 2024-07-16 10:36:27 -0400
Processing by Users::RegistrationsController#create as HTML
  Parameters: {"name"=>"Giovanni", "email"=>"giovanni@giovanni.com", "password"=>"[FILTERED]", "passwordConfirmation"=>"[FILTERED]", "type"=>"[Auth] Sign Up", "registration"=>{"name"=>"Giovanni", "email"=>"giovanni@giovanni.com", "password"=>"[FILTERED]", "passwordConfirmation"=>"[FILTERED]", "type"=>"[Auth] Sign Up"}}
Completed 422 Unprocessable Content in 2ms (Views: 0.2ms | ActiveRecord: 0.0ms | Allocations: 939)


Started POST "/signup" for ::1 at 2024-07-16 20:58:57 -0400
Processing by Users::RegistrationsController#create as HTML
  Parameters: {"name"=>"Giovanni", "email"=>"giovanni@giovanni.com", "password"=>"[FILTERED]", "passwordConfirmation"=>"[FILTERED]", "type"=>"[Auth] Sign Up", "registration"=>{"name"=>"Giovanni", "email"=>"giovanni@giovanni.com", "password"=>"[FILTERED]", "passwordConfirmation"=>"[FILTERED]", "type"=>"[Auth] Sign Up"}}
Completed 422 Unprocessable Content in 2ms (Views: 0.3ms | ActiveRecord: 0.0ms | Allocations: 1149)


Started POST "/signup" for ::1 at 2024-07-16 20:59:25 -0400
Processing by Users::RegistrationsController#create as HTML
  Parameters: {"name"=>"Giovanni", "email"=>"giovanni@giovanni.com", "password"=>"[FILTERED]", "passwordConfirmation"=>"[FILTERED]", "type"=>"[Auth] Sign Up", "registration"=>{"name"=>"Giovanni", "email"=>"giovanni@giovanni.com", "password"=>"[FILTERED]", "passwordConfirmation"=>"[FILTERED]", "type"=>"[Auth] Sign Up"}}
Completed 422 Unprocessable Content in 2ms (Views: 0.2ms | ActiveRecord: 0.0ms | Allocations: 927)


Started POST "/signup" for ::1 at 2024-07-16 21:21:34 -0400
Processing by Users::RegistrationsController#create as HTML
  Parameters: {"user"=>{"email"=>"giovanni@giovanni.com", "password"=>"[FILTERED]", "name"=>"Giovanni"}, "registration"=>{"user"=>{"email"=>"giovanni@giovanni.com", "password"=>"[FILTERED]", "name"=>"Giovanni"}}}
  [1m[36mTRANSACTION (0.0ms)[0m  [1m[35mBEGIN[0m
  [1m[36mUser Exists? (123.2ms)[0m  [1m[34mSELECT 1 AS one FROM "users" WHERE "users"."email" = $1 LIMIT $2[0m  [["email", "giovanni@giovanni.com"], ["LIMIT", 1]]
  [1m[36mUser Create (0.3ms)[0m  [1m[32mINSERT INTO "users" ("email", "encrypted_password", "reset_password_token", "reset_password_sent_at", "remember_created_at", "created_at", "updated_at", "name", "jti") VALUES ($1, $2, $3, $4, $5, $6, $7, $8, $9) RETURNING "id"[0m  [["email", "giovanni@giovanni.com"], ["encrypted_password", "[FILTERED]"], ["reset_password_token", "[FILTERED]"], ["reset_password_sent_at", "[FILTERED]"], ["remember_created_at", nil], ["created_at", "2024-07-17 01:21:35.342351"], ["updated_at", "2024-07-17 01:21:35.342351"], ["name", "Giovanni"], ["jti", "b9469cbb-b849-4dcd-9e24-14b9c6b766db"]]
  [1m[36mTRANSACTION (0.6ms)[0m  [1m[35mCOMMIT[0m
Completed 200 OK in 381ms (Views: 0.1ms | ActiveRecord: 130.8ms | Allocations: 11778)


Started POST "/login" for ::1 at 2024-07-17 00:23:21 -0400
Processing by Users::SessionsController#create as HTML
  Parameters: {"user"=>{"email"=>"giovanni@giovanni.com", "password"=>"[FILTERED]"}, "session"=>{"user"=>{"email"=>"giovanni@giovanni.com", "password"=>"[FILTERED]"}}}
  [1m[36mUser Load (1.1ms)[0m  [1m[34mSELECT "users".* FROM "users" WHERE "users"."email" = $1 ORDER BY "users"."id" ASC LIMIT $2[0m  [["email", "giovanni@giovanni.com"], ["LIMIT", 1]]
Completed 401 Unauthorized in 342ms (ActiveRecord: 9.2ms | Allocations: 4574)


Started POST "/login" for ::1 at 2024-07-17 00:23:24 -0400
Processing by Users::SessionsController#create as HTML
  Parameters: {"user"=>{"email"=>"giovanni@giovanni.com", "password"=>"[FILTERED]"}, "session"=>{"user"=>{"email"=>"giovanni@giovanni.com", "password"=>"[FILTERED]"}}}
  [1m[36mUser Load (0.4ms)[0m  [1m[34mSELECT "users".* FROM "users" WHERE "users"."email" = $1 ORDER BY "users"."id" ASC LIMIT $2[0m  [["email", "giovanni@giovanni.com"], ["LIMIT", 1]]
Completed 401 Unauthorized in 231ms (ActiveRecord: 0.4ms | Allocations: 1204)


Started POST "/login" for ::1 at 2024-07-17 00:23:59 -0400
Processing by Users::SessionsController#create as HTML
  Parameters: {"user"=>{"email"=>"giovanni@giovanni.com", "password"=>"[FILTERED]"}, "session"=>{"user"=>{"email"=>"giovanni@giovanni.com", "password"=>"[FILTERED]"}}}
  [1m[36mUser Load (0.4ms)[0m  [1m[34mSELECT "users".* FROM "users" WHERE "users"."email" = $1 ORDER BY "users"."id" ASC LIMIT $2[0m  [["email", "giovanni@giovanni.com"], ["LIMIT", 1]]
Completed 401 Unauthorized in 234ms (ActiveRecord: 0.4ms | Allocations: 1190)


Started POST "/login" for ::1 at 2024-07-17 00:25:13 -0400
Processing by Users::SessionsController#create as HTML
  Parameters: {"user"=>{"email"=>"test@precicom.com", "password"=>"[FILTERED]"}, "session"=>{"user"=>{"email"=>"test@precicom.com", "password"=>"[FILTERED]"}}}
  [1m[36mUser Load (0.7ms)[0m  [1m[34mSELECT "users".* FROM "users" WHERE "users"."email" = $1 ORDER BY "users"."id" ASC LIMIT $2[0m  [["email", "test@precicom.com"], ["LIMIT", 1]]
Completed 200 OK in 231ms (Views: 0.1ms | ActiveRecord: 0.6ms | Allocations: 1561)


Started POST "/login" for ::1 at 2024-07-17 00:25:21 -0400
Processing by Users::SessionsController#create as HTML
  Parameters: {"user"=>{"email"=>"test@precicom.com", "password"=>"[FILTERED]"}, "session"=>{"user"=>{"email"=>"test@precicom.com", "password"=>"[FILTERED]"}}}
  [1m[36mUser Load (0.5ms)[0m  [1m[34mSELECT "users".* FROM "users" WHERE "users"."email" = $1 ORDER BY "users"."id" ASC LIMIT $2[0m  [["email", "test@precicom.com"], ["LIMIT", 1]]
Completed 200 OK in 231ms (Views: 0.1ms | ActiveRecord: 0.5ms | Allocations: 1398)


Started POST "/login" for ::1 at 2024-07-17 00:25:21 -0400
Processing by Users::SessionsController#create as HTML
  Parameters: {"user"=>{"email"=>"test@precicom.com", "password"=>"[FILTERED]"}, "session"=>{"user"=>{"email"=>"test@precicom.com", "password"=>"[FILTERED]"}}}
  [1m[36mUser Load (0.3ms)[0m  [1m[34mSELECT "users".* FROM "users" WHERE "users"."email" = $1 ORDER BY "users"."id" ASC LIMIT $2[0m  [["email", "test@precicom.com"], ["LIMIT", 1]]
Completed 200 OK in 235ms (Views: 0.1ms | ActiveRecord: 0.3ms | Allocations: 1398)


Started POST "/login" for ::1 at 2024-07-17 00:25:22 -0400
Processing by Users::SessionsController#create as HTML
  Parameters: {"user"=>{"email"=>"test@precicom.com", "password"=>"[FILTERED]"}, "session"=>{"user"=>{"email"=>"test@precicom.com", "password"=>"[FILTERED]"}}}
  [1m[36mUser Load (0.2ms)[0m  [1m[34mSELECT "users".* FROM "users" WHERE "users"."email" = $1 ORDER BY "users"."id" ASC LIMIT $2[0m  [["email", "test@precicom.com"], ["LIMIT", 1]]
Completed 200 OK in 205ms (Views: 0.1ms | ActiveRecord: 0.2ms | Allocations: 1398)


Started POST "/login" for ::1 at 2024-07-17 00:25:36 -0400
Processing by Users::SessionsController#create as HTML
  Parameters: {"user"=>{"email"=>"giovanni@giovanni.com", "password"=>"[FILTERED]"}, "session"=>{"user"=>{"email"=>"giovanni@giovanni.com", "password"=>"[FILTERED]"}}}
  [1m[36mUser Load (0.3ms)[0m  [1m[34mSELECT "users".* FROM "users" WHERE "users"."email" = $1 ORDER BY "users"."id" ASC LIMIT $2[0m  [["email", "giovanni@giovanni.com"], ["LIMIT", 1]]
Completed 401 Unauthorized in 224ms (ActiveRecord: 0.3ms | Allocations: 1203)


Started POST "/login" for ::1 at 2024-07-17 00:25:47 -0400
Processing by Users::SessionsController#create as HTML
  Parameters: {"user"=>{"email"=>"giovanni@giovanni.com", "password"=>"[FILTERED]"}, "session"=>{"user"=>{"email"=>"giovanni@giovanni.com", "password"=>"[FILTERED]"}}}
  [1m[36mUser Load (0.3ms)[0m  [1m[34mSELECT "users".* FROM "users" WHERE "users"."email" = $1 ORDER BY "users"."id" ASC LIMIT $2[0m  [["email", "giovanni@giovanni.com"], ["LIMIT", 1]]
Completed 200 OK in 234ms (Views: 0.1ms | ActiveRecord: 0.3ms | Allocations: 1399)


Started POST "/login" for ::1 at 2024-07-17 00:25:48 -0400
Processing by Users::SessionsController#create as HTML
  Parameters: {"user"=>{"email"=>"giovanni@giovanni.com", "password"=>"[FILTERED]"}, "session"=>{"user"=>{"email"=>"giovanni@giovanni.com", "password"=>"[FILTERED]"}}}
  [1m[36mUser Load (0.2ms)[0m  [1m[34mSELECT "users".* FROM "users" WHERE "users"."email" = $1 ORDER BY "users"."id" ASC LIMIT $2[0m  [["email", "giovanni@giovanni.com"], ["LIMIT", 1]]
Completed 200 OK in 234ms (Views: 0.1ms | ActiveRecord: 0.2ms | Allocations: 1397)


Started POST "/login" for ::1 at 2024-07-17 00:25:49 -0400
Processing by Users::SessionsController#create as HTML
  Parameters: {"user"=>{"email"=>"giovanni@giovanni.com", "password"=>"[FILTERED]"}, "session"=>{"user"=>{"email"=>"giovanni@giovanni.com", "password"=>"[FILTERED]"}}}
  [1m[36mUser Load (0.2ms)[0m  [1m[34mSELECT "users".* FROM "users" WHERE "users"."email" = $1 ORDER BY "users"."id" ASC LIMIT $2[0m  [["email", "giovanni@giovanni.com"], ["LIMIT", 1]]
Completed 200 OK in 234ms (Views: 0.1ms | ActiveRecord: 0.2ms | Allocations: 1398)


Started POST "/login" for ::1 at 2024-07-17 00:25:49 -0400
Processing by Users::SessionsController#create as HTML
  Parameters: {"user"=>{"email"=>"giovanni@giovanni.com", "password"=>"[FILTERED]"}, "session"=>{"user"=>{"email"=>"giovanni@giovanni.com", "password"=>"[FILTERED]"}}}
  [1m[36mUser Load (0.2ms)[0m  [1m[34mSELECT "users".* FROM "users" WHERE "users"."email" = $1 ORDER BY "users"."id" ASC LIMIT $2[0m  [["email", "giovanni@giovanni.com"], ["LIMIT", 1]]
Completed 200 OK in 205ms (Views: 0.1ms | ActiveRecord: 0.2ms | Allocations: 1404)


Started POST "/login" for ::1 at 2024-07-17 00:25:49 -0400
Processing by Users::SessionsController#create as HTML
  Parameters: {"user"=>{"email"=>"giovanni@giovanni.com", "password"=>"[FILTERED]"}, "session"=>{"user"=>{"email"=>"giovanni@giovanni.com", "password"=>"[FILTERED]"}}}
  [1m[36mUser Load (0.2ms)[0m  [1m[34mSELECT "users".* FROM "users" WHERE "users"."email" = $1 ORDER BY "users"."id" ASC LIMIT $2[0m  [["email", "giovanni@giovanni.com"], ["LIMIT", 1]]
Completed 200 OK in 205ms (Views: 0.0ms | ActiveRecord: 0.2ms | Allocations: 1405)


Started POST "/login" for ::1 at 2024-07-17 00:25:50 -0400
Processing by Users::SessionsController#create as HTML
  Parameters: {"user"=>{"email"=>"giovanni@giovanni.com", "password"=>"[FILTERED]"}, "session"=>{"user"=>{"email"=>"giovanni@giovanni.com", "password"=>"[FILTERED]"}}}
  [1m[36mUser Load (0.2ms)[0m  [1m[34mSELECT "users".* FROM "users" WHERE "users"."email" = $1 ORDER BY "users"."id" ASC LIMIT $2[0m  [["email", "giovanni@giovanni.com"], ["LIMIT", 1]]
Completed 200 OK in 204ms (Views: 0.0ms | ActiveRecord: 0.2ms | Allocations: 1406)


Started POST "/signup" for ::1 at 2024-07-17 00:27:00 -0400
Processing by Users::RegistrationsController#create as HTML
  Parameters: {"user"=>{"email"=>"giovanni@giovanni.com", "password"=>"[FILTERED]", "name"=>"Giovanni"}, "registration"=>{"user"=>{"email"=>"giovanni@giovanni.com", "password"=>"[FILTERED]", "name"=>"Giovanni"}}}
  [1m[36mTRANSACTION (0.2ms)[0m  [1m[35mBEGIN[0m
  [1m[36mUser Exists? (1.5ms)[0m  [1m[34mSELECT 1 AS one FROM "users" WHERE "users"."email" = $1 LIMIT $2[0m  [["email", "giovanni@giovanni.com"], ["LIMIT", 1]]
  [1m[36mUser Create (1.0ms)[0m  [1m[32mINSERT INTO "users" ("email", "encrypted_password", "reset_password_token", "reset_password_sent_at", "remember_created_at", "created_at", "updated_at", "name", "jti") VALUES ($1, $2, $3, $4, $5, $6, $7, $8, $9) RETURNING "id"[0m  [["email", "giovanni@giovanni.com"], ["encrypted_password", "[FILTERED]"], ["reset_password_token", "[FILTERED]"], ["reset_password_sent_at", "[FILTERED]"], ["remember_created_at", nil], ["created_at", "2024-07-17 04:27:00.249081"], ["updated_at", "2024-07-17 04:27:00.249081"], ["name", "Giovanni"], ["jti", "4742a10e-33af-4b8a-9d0a-a2cdd70154e8"]]
  [1m[36mTRANSACTION (0.8ms)[0m  [1m[35mCOMMIT[0m
Completed 200 OK in 238ms (Views: 0.1ms | ActiveRecord: 3.5ms | Allocations: 4225)


Started POST "/signup" for ::1 at 2024-07-17 00:27:07 -0400
Processing by Users::RegistrationsController#create as HTML
  Parameters: {"user"=>{"email"=>"giovanni@giovanni.com", "password"=>"[FILTERED]", "name"=>"Giovanni"}, "registration"=>{"user"=>{"email"=>"giovanni@giovanni.com", "password"=>"[FILTERED]", "name"=>"Giovanni"}}}
  [1m[36mTRANSACTION (0.2ms)[0m  [1m[35mBEGIN[0m
  [1m[36mUser Exists? (1.1ms)[0m  [1m[34mSELECT 1 AS one FROM "users" WHERE "users"."email" = $1 LIMIT $2[0m  [["email", "giovanni@giovanni.com"], ["LIMIT", 1]]
  [1m[36mTRANSACTION (0.2ms)[0m  [1m[31mROLLBACK[0m
Completed 422 Unprocessable Content in 238ms (Views: 0.1ms | ActiveRecord: 1.4ms | Allocations: 3526)


Started POST "/login" for ::1 at 2024-07-17 00:27:34 -0400
Processing by Users::SessionsController#create as HTML
  Parameters: {"user"=>{"email"=>"giovanni@giovanni.com", "password"=>"[FILTERED]"}, "session"=>{"user"=>{"email"=>"giovanni@giovanni.com", "password"=>"[FILTERED]"}}}
  [1m[36mUser Load (0.2ms)[0m  [1m[34mSELECT "users".* FROM "users" WHERE "users"."email" = $1 ORDER BY "users"."id" ASC LIMIT $2[0m  [["email", "giovanni@giovanni.com"], ["LIMIT", 1]]
Completed 200 OK in 234ms (Views: 0.1ms | ActiveRecord: 0.2ms | Allocations: 1405)


Started POST "/login" for ::1 at 2024-07-17 00:27:36 -0400
Processing by Users::SessionsController#create as HTML
  Parameters: {"user"=>{"email"=>"giovanni@giovanni.com", "password"=>"[FILTERED]"}, "session"=>{"user"=>{"email"=>"giovanni@giovanni.com", "password"=>"[FILTERED]"}}}
  [1m[36mUser Load (0.2ms)[0m  [1m[34mSELECT "users".* FROM "users" WHERE "users"."email" = $1 ORDER BY "users"."id" ASC LIMIT $2[0m  [["email", "giovanni@giovanni.com"], ["LIMIT", 1]]
Started POST "/login" for ::1 at 2024-07-17 00:27:36 -0400
Processing by Users::SessionsController#create as HTML
  Parameters: {"user"=>{"email"=>"giovanni@giovanni.com", "password"=>"[FILTERED]"}, "session"=>{"user"=>{"email"=>"giovanni@giovanni.com", "password"=>"[FILTERED]"}}}
  [1m[36mUser Load (0.5ms)[0m  [1m[34mSELECT "users".* FROM "users" WHERE "users"."email" = $1 ORDER BY "users"."id" ASC LIMIT $2[0m  [["email", "giovanni@giovanni.com"], ["LIMIT", 1]]
Completed 200 OK in 234ms (Views: 0.1ms | ActiveRecord: 0.2ms | Allocations: 6326)


Completed 200 OK in 253ms (Views: 0.0ms | ActiveRecord: 4.0ms | Allocations: 4571)


  [1m[35m (0.1ms)[0m  [1m[34mSELECT pg_try_advisory_lock(7426068146974968540)[0m
  [1m[36mActiveRecord::SchemaMigration Load (0.7ms)[0m  [1m[34mSELECT "schema_migrations"."version" FROM "schema_migrations" ORDER BY "schema_migrations"."version" ASC[0m
  [1m[36mActiveRecord::InternalMetadata Load (0.8ms)[0m  [1m[34mSELECT * FROM "ar_internal_metadata" WHERE "ar_internal_metadata"."key" = $1 ORDER BY "ar_internal_metadata"."key" ASC LIMIT 1[0m  [[nil, "environment"]]
Migrating to CreateClients (20240717193757)
  [1m[36mTRANSACTION (0.1ms)[0m  [1m[35mBEGIN[0m
  [1m[35m (7.5ms)[0m  [1m[35mCREATE TABLE "clients" ("id" bigserial primary key, "name" character varying, "relationship_start" date, "address_city" character varying, "address_postal_code" character varying, "address_street" character varying, "address_apt" character varying, "activity_type" integer, "info_email" character varying, "created_at" timestamp(6) NOT NULL, "updated_at" timestamp(6) NOT NULL)[0m
  [1m[36mActiveRecord::SchemaMigration Create (0.2ms)[0m  [1m[32mINSERT INTO "schema_migrations" ("version") VALUES ('20240717193757') RETURNING "version"[0m
  [1m[36mTRANSACTION (0.4ms)[0m  [1m[35mCOMMIT[0m
Migrating to CreateContacts (20240717193758)
  [1m[36mTRANSACTION (0.2ms)[0m  [1m[35mBEGIN[0m
  [1m[35m (5.6ms)[0m  [1m[35mCREATE TABLE "contacts" ("id" bigserial primary key, "name" character varying, "first_name" character varying, "email" character varying, "tel" character varying, "ext" character varying, "client_id" bigint NOT NULL, "created_at" timestamp(6) NOT NULL, "updated_at" timestamp(6) NOT NULL, CONSTRAINT "fk_rails_ce59a30623"
FOREIGN KEY ("client_id")
  REFERENCES "clients" ("id")
)[0m
  [1m[35m (0.6ms)[0m  [1m[35mCREATE INDEX "index_contacts_on_client_id" ON "contacts" ("client_id")[0m
  [1m[36mActiveRecord::SchemaMigration Create (0.1ms)[0m  [1m[32mINSERT INTO "schema_migrations" ("version") VALUES ('20240717193758') RETURNING "version"[0m
  [1m[36mTRANSACTION (0.2ms)[0m  [1m[35mCOMMIT[0m
  [1m[35m (0.2ms)[0m  [1m[34mSELECT pg_advisory_unlock(7426068146974968540)[0m
  [1m[36mActiveRecord::SchemaMigration Load (0.1ms)[0m  [1m[34mSELECT "schema_migrations"."version" FROM "schema_migrations" ORDER BY "schema_migrations"."version" ASC[0m
Started GET "/clients" for ::1 at 2024-07-17 15:43:20 -0400
  [1m[36mActiveRecord::SchemaMigration Load (0.5ms)[0m  [1m[34mSELECT "schema_migrations"."version" FROM "schema_migrations" ORDER BY "schema_migrations"."version" ASC[0m
Processing by ClientsController#index as */*
Completed 401 Unauthorized in 1ms (ActiveRecord: 0.0ms | Allocations: 599)


Started POST "/login" for ::1 at 2024-07-17 15:43:25 -0400
Processing by Users::SessionsController#create as */*
  Parameters: {"user"=>{"email"=>"test@precicom.com", "password"=>"[FILTERED]"}, "session"=>{"user"=>{"email"=>"test@precicom.com", "password"=>"[FILTERED]"}}}
  [1m[36mUser Load (0.7ms)[0m  [1m[34mSELECT "users".* FROM "users" WHERE "users"."email" = $1 ORDER BY "users"."id" ASC LIMIT $2[0m  [["email", "test@precicom.com"], ["LIMIT", 1]]
Completed 200 OK in 324ms (Views: 0.1ms | ActiveRecord: 11.3ms | Allocations: 24086)


Started GET "/clients" for ::1 at 2024-07-17 15:43:30 -0400
Processing by ClientsController#index as */*
Completed 401 Unauthorized in 0ms (ActiveRecord: 0.0ms | Allocations: 60)


Started POST "/login" for ::1 at 2024-07-17 15:53:26 -0400
  [1m[36mActiveRecord::SchemaMigration Load (1.0ms)[0m  [1m[34mSELECT "schema_migrations"."version" FROM "schema_migrations" ORDER BY "schema_migrations"."version" ASC[0m
Processing by Users::SessionsController#create as */*
  Parameters: {"user"=>{"email"=>"test@precicom.com", "password"=>"[FILTERED]"}, "session"=>{"user"=>{"email"=>"test@precicom.com", "password"=>"[FILTERED]"}}}
  [1m[36mUser Load (0.8ms)[0m  [1m[34mSELECT "users".* FROM "users" WHERE "users"."email" = $1 ORDER BY "users"."id" ASC LIMIT $2[0m  [["email", "test@precicom.com"], ["LIMIT", 1]]
Completed 200 OK in 298ms (Views: 0.3ms | ActiveRecord: 11.8ms | Allocations: 24498)


Started POST "/login" for ::1 at 2024-07-17 15:54:10 -0400
Processing by Users::SessionsController#create as */*
  Parameters: {"user"=>{"email"=>"test@precicom.com", "password"=>"[FILTERED]"}, "session"=>{"user"=>{"email"=>"test@precicom.com", "password"=>"[FILTERED]"}}}
  [1m[36mUser Load (0.3ms)[0m  [1m[34mSELECT "users".* FROM "users" WHERE "users"."email" = $1 ORDER BY "users"."id" ASC LIMIT $2[0m  [["email", "test@precicom.com"], ["LIMIT", 1]]
Completed 200 OK in 224ms (Views: 0.1ms | ActiveRecord: 4.0ms | Allocations: 6346)


Started POST "/login" for ::1 at 2024-07-17 15:56:29 -0400
Processing by Users::SessionsController#create as */*
  Parameters: {"user"=>{"email"=>"test@precicom.com", "password"=>"[FILTERED]"}, "session"=>{"user"=>{"email"=>"test@precicom.com", "password"=>"[FILTERED]"}}}
  [1m[36mUser Load (0.3ms)[0m  [1m[34mSELECT "users".* FROM "users" WHERE "users"."email" = $1 ORDER BY "users"."id" ASC LIMIT $2[0m  [["email", "test@precicom.com"], ["LIMIT", 1]]
Completed 200 OK in 223ms (Views: 0.1ms | ActiveRecord: 4.1ms | Allocations: 6374)


Started POST "/login" for ::1 at 2024-07-17 15:57:01 -0400
Processing by Users::SessionsController#create as */*
  Parameters: {"user"=>{"email"=>"test@precicom.com", "password"=>"[FILTERED]"}, "session"=>{"user"=>{"email"=>"test@precicom.com", "password"=>"[FILTERED]"}}}
  [1m[36mUser Load (0.4ms)[0m  [1m[34mSELECT "users".* FROM "users" WHERE "users"."email" = $1 ORDER BY "users"."id" ASC LIMIT $2[0m  [["email", "test@precicom.com"], ["LIMIT", 1]]
Completed 200 OK in 229ms (Views: 0.1ms | ActiveRecord: 4.6ms | Allocations: 6348)


Started POST "/login" for ::1 at 2024-07-17 15:57:21 -0400
Processing by Users::SessionsController#create as */*
  Parameters: {"user"=>{"email"=>"test@precicom.com", "password"=>"[FILTERED]"}, "session"=>{"user"=>{"email"=>"test@precicom.com", "password"=>"[FILTERED]"}}}
  [1m[36mUser Load (0.2ms)[0m  [1m[34mSELECT "users".* FROM "users" WHERE "users"."email" = $1 ORDER BY "users"."id" ASC LIMIT $2[0m  [["email", "test@precicom.com"], ["LIMIT", 1]]
Completed 200 OK in 227ms (Views: 0.1ms | ActiveRecord: 5.3ms | Allocations: 6320)


Started POST "/login" for ::1 at 2024-07-17 19:36:06 -0400
  [1m[36mActiveRecord::SchemaMigration Load (0.7ms)[0m  [1m[34mSELECT "schema_migrations"."version" FROM "schema_migrations" ORDER BY "schema_migrations"."version" ASC[0m
Processing by Users::SessionsController#create as HTML
  Parameters: {"user"=>{"email"=>"giovanni@giovanni.com", "password"=>"[FILTERED]"}, "session"=>{"user"=>{"email"=>"giovanni@giovanni.com", "password"=>"[FILTERED]"}}}
  [1m[36mUser Load (0.6ms)[0m  [1m[34mSELECT "users".* FROM "users" WHERE "users"."email" = $1 ORDER BY "users"."id" ASC LIMIT $2[0m  [["email", "giovanni@giovanni.com"], ["LIMIT", 1]]
Completed 200 OK in 298ms (Views: 0.1ms | ActiveRecord: 14.4ms | Allocations: 24289)


Started POST "/login" for ::1 at 2024-07-17 19:38:45 -0400
Processing by Users::SessionsController#create as HTML
  Parameters: {"user"=>{"email"=>"giovanni@giovanni.com", "password"=>"[FILTERED]"}, "session"=>{"user"=>{"email"=>"giovanni@giovanni.com", "password"=>"[FILTERED]"}}}
  [1m[36mUser Load (0.4ms)[0m  [1m[34mSELECT "users".* FROM "users" WHERE "users"."email" = $1 ORDER BY "users"."id" ASC LIMIT $2[0m  [["email", "giovanni@giovanni.com"], ["LIMIT", 1]]
Completed 200 OK in 234ms (Views: 0.1ms | ActiveRecord: 0.4ms | Allocations: 1415)


Started POST "/login" for ::1 at 2024-07-17 19:38:52 -0400
Processing by Users::SessionsController#create as HTML
  Parameters: {"user"=>{"email"=>"giovanni@giovanni.com", "password"=>"[FILTERED]"}, "session"=>{"user"=>{"email"=>"giovanni@giovanni.com", "password"=>"[FILTERED]"}}}
  [1m[36mUser Load (0.4ms)[0m  [1m[34mSELECT "users".* FROM "users" WHERE "users"."email" = $1 ORDER BY "users"."id" ASC LIMIT $2[0m  [["email", "giovanni@giovanni.com"], ["LIMIT", 1]]
Completed 200 OK in 234ms (Views: 0.1ms | ActiveRecord: 0.4ms | Allocations: 1407)


Started GET "/clients" for ::1 at 2024-07-17 19:42:11 -0400
Processing by ClientsController#index as HTML
Completed 401 Unauthorized in 0ms (ActiveRecord: 0.0ms | Allocations: 122)


Started GET "/clients" for ::1 at 2024-07-17 19:42:11 -0400
Processing by ClientsController#index as HTML
Completed 401 Unauthorized in 0ms (ActiveRecord: 0.0ms | Allocations: 59)


Started GET "/clients" for ::1 at 2024-07-17 19:43:06 -0400
Processing by ClientsController#index as HTML
Completed 401 Unauthorized in 0ms (ActiveRecord: 0.0ms | Allocations: 58)


Started GET "/clients" for ::1 at 2024-07-17 19:43:06 -0400
Processing by ClientsController#index as HTML
Completed 401 Unauthorized in 0ms (ActiveRecord: 0.0ms | Allocations: 58)


Started GET "/clients" for ::1 at 2024-07-17 19:43:10 -0400
Processing by ClientsController#index as HTML
Completed 401 Unauthorized in 0ms (ActiveRecord: 0.0ms | Allocations: 59)


Started GET "/clients" for ::1 at 2024-07-17 19:43:10 -0400
Processing by ClientsController#index as HTML
Completed 401 Unauthorized in 0ms (ActiveRecord: 0.0ms | Allocations: 58)


Started GET "/clients" for ::1 at 2024-07-17 19:43:14 -0400
Processing by ClientsController#index as HTML
Completed 401 Unauthorized in 0ms (ActiveRecord: 0.0ms | Allocations: 58)


Started GET "/clients" for ::1 at 2024-07-17 19:43:14 -0400
Processing by ClientsController#index as HTML
Completed 401 Unauthorized in 0ms (ActiveRecord: 0.0ms | Allocations: 58)


Started GET "/clients" for ::1 at 2024-07-17 19:46:16 -0400
Started GET "/clients" for ::1 at 2024-07-17 19:46:16 -0400
Processing by ClientsController#index as HTML
Completed 401 Unauthorized in 0ms (ActiveRecord: 0.0ms | Allocations: 58)


Processing by ClientsController#index as HTML
Completed 401 Unauthorized in 0ms (ActiveRecord: 0.0ms | Allocations: 58)


Started GET "/clients" for ::1 at 2024-07-17 19:46:16 -0400
Processing by ClientsController#index as HTML
Completed 401 Unauthorized in 0ms (ActiveRecord: 0.0ms | Allocations: 58)


Started POST "/login" for ::1 at 2024-07-17 19:47:04 -0400
Processing by Users::SessionsController#create as HTML
  Parameters: {"user"=>{"email"=>"giovanni@giovanni.com", "password"=>"[FILTERED]"}, "session"=>{"user"=>{"email"=>"giovanni@giovanni.com", "password"=>"[FILTERED]"}}}
  [1m[36mUser Load (0.7ms)[0m  [1m[34mSELECT "users".* FROM "users" WHERE "users"."email" = $1 ORDER BY "users"."id" ASC LIMIT $2[0m  [["email", "giovanni@giovanni.com"], ["LIMIT", 1]]
Completed 200 OK in 280ms (Views: 0.1ms | ActiveRecord: 5.7ms | Allocations: 4134)


Started GET "/clients" for ::1 at 2024-07-17 19:47:14 -0400
Processing by ClientsController#index as HTML
Completed 401 Unauthorized in 0ms (ActiveRecord: 0.0ms | Allocations: 58)


Started GET "/clients" for ::1 at 2024-07-17 19:47:14 -0400
Processing by ClientsController#index as HTML
Completed 401 Unauthorized in 0ms (ActiveRecord: 0.0ms | Allocations: 58)


Started GET "/clients" for ::1 at 2024-07-17 19:48:05 -0400
Processing by ClientsController#index as HTML
Completed 401 Unauthorized in 0ms (ActiveRecord: 0.0ms | Allocations: 58)


Started GET "/clients" for ::1 at 2024-07-17 19:48:06 -0400
Processing by ClientsController#index as HTML
Completed 401 Unauthorized in 0ms (ActiveRecord: 0.0ms | Allocations: 58)


Started GET "/clients" for ::1 at 2024-07-17 19:48:08 -0400
Processing by ClientsController#index as HTML
Completed 401 Unauthorized in 0ms (ActiveRecord: 0.0ms | Allocations: 58)


Started GET "/clients" for ::1 at 2024-07-17 19:48:08 -0400
Processing by ClientsController#index as HTML
Completed 401 Unauthorized in 0ms (ActiveRecord: 0.0ms | Allocations: 58)


Started GET "/clients" for ::1 at 2024-07-17 19:48:14 -0400
Processing by ClientsController#index as HTML
Completed 401 Unauthorized in 0ms (ActiveRecord: 0.0ms | Allocations: 58)


Started GET "/clients" for ::1 at 2024-07-17 19:48:14 -0400
Processing by ClientsController#index as HTML
Completed 401 Unauthorized in 0ms (ActiveRecord: 0.0ms | Allocations: 58)


Started GET "/clients" for ::1 at 2024-07-17 19:54:27 -0400
Processing by ClientsController#index as HTML
Completed 401 Unauthorized in 0ms (ActiveRecord: 0.0ms | Allocations: 58)


Started GET "/clients" for ::1 at 2024-07-17 19:54:27 -0400
Processing by ClientsController#index as HTML
Completed 401 Unauthorized in 0ms (ActiveRecord: 0.0ms | Allocations: 58)


Started GET "/clients" for ::1 at 2024-07-17 19:56:24 -0400
Processing by ClientsController#index as HTML
Completed 401 Unauthorized in 0ms (ActiveRecord: 0.0ms | Allocations: 58)


Started GET "/clients" for ::1 at 2024-07-17 19:56:24 -0400
Processing by ClientsController#index as HTML
Completed 401 Unauthorized in 0ms (ActiveRecord: 0.0ms | Allocations: 58)


Started GET "/clients" for ::1 at 2024-07-17 19:57:04 -0400
Processing by ClientsController#index as HTML
Completed 401 Unauthorized in 0ms (ActiveRecord: 0.0ms | Allocations: 58)


Started GET "/clients" for ::1 at 2024-07-17 19:57:05 -0400
Processing by ClientsController#index as HTML
Completed 401 Unauthorized in 0ms (ActiveRecord: 0.0ms | Allocations: 58)


Started GET "/clients" for ::1 at 2024-07-17 19:57:36 -0400
Processing by ClientsController#index as HTML
Completed 401 Unauthorized in 0ms (ActiveRecord: 0.0ms | Allocations: 58)


Started GET "/clients" for ::1 at 2024-07-17 19:57:36 -0400
Processing by ClientsController#index as HTML
Completed 401 Unauthorized in 0ms (ActiveRecord: 0.0ms | Allocations: 58)


Started POST "/login" for ::1 at 2024-07-17 20:18:07 -0400
Processing by Users::SessionsController#create as HTML
  Parameters: {"user"=>{"email"=>"giovanni@giovanni.com", "password"=>"[FILTERED]"}, "session"=>{"user"=>{"email"=>"giovanni@giovanni.com", "password"=>"[FILTERED]"}}}
Completed 401 Unauthorized in 1ms (ActiveRecord: 0.0ms | Allocations: 314)


Started POST "/login" for ::1 at 2024-07-17 20:18:33 -0400
Processing by Users::SessionsController#create as HTML
  Parameters: {"user"=>{"email"=>"giovanni@giovanni.com", "password"=>"[FILTERED]"}, "session"=>{"user"=>{"email"=>"giovanni@giovanni.com", "password"=>"[FILTERED]"}}}
Completed 401 Unauthorized in 1ms (ActiveRecord: 0.0ms | Allocations: 159)


Started POST "/login" for ::1 at 2024-07-17 20:19:01 -0400
Processing by Users::SessionsController#create as HTML
  Parameters: {"user"=>{"email"=>"giovanni@giovanni.com", "password"=>"[FILTERED]"}, "session"=>{"user"=>{"email"=>"giovanni@giovanni.com", "password"=>"[FILTERED]"}}}
Completed 401 Unauthorized in 1ms (ActiveRecord: 0.0ms | Allocations: 159)


Started POST "/login" for ::1 at 2024-07-17 20:19:18 -0400
Processing by Users::SessionsController#create as HTML
  Parameters: {"user"=>{"email"=>"giovanni@giovanni.com", "password"=>"[FILTERED]"}, "session"=>{"user"=>{"email"=>"giovanni@giovanni.com", "password"=>"[FILTERED]"}}}
  [1m[36mUser Load (0.7ms)[0m  [1m[34mSELECT "users".* FROM "users" WHERE "users"."email" = $1 ORDER BY "users"."id" ASC LIMIT $2[0m  [["email", "giovanni@giovanni.com"], ["LIMIT", 1]]
Completed 200 OK in 355ms (Views: 0.1ms | ActiveRecord: 7.2ms | Allocations: 4131)


Started POST "/login" for ::1 at 2024-07-17 20:23:34 -0400
Processing by Users::SessionsController#create as HTML
  Parameters: {"user"=>{"email"=>"test@precicom.com", "password"=>"[FILTERED]"}, "session"=>{"user"=>{"email"=>"test@precicom.com", "password"=>"[FILTERED]"}}}
  [1m[36mUser Load (0.3ms)[0m  [1m[34mSELECT "users".* FROM "users" WHERE "users"."id" = $1 LIMIT $2[0m  [["id", 3], ["LIMIT", 1]]
Completed 200 OK in 5ms (Views: 0.2ms | ActiveRecord: 0.3ms | Allocations: 1516)


Started POST "/login" for ::1 at 2024-07-17 20:23:50 -0400
Processing by Users::SessionsController#create as HTML
  Parameters: {"user"=>{"email"=>"giovanni@giovanni.com", "password"=>"[FILTERED]"}, "session"=>{"user"=>{"email"=>"giovanni@giovanni.com", "password"=>"[FILTERED]"}}}
  [1m[36mUser Load (0.3ms)[0m  [1m[34mSELECT "users".* FROM "users" WHERE "users"."id" = $1 LIMIT $2[0m  [["id", 3], ["LIMIT", 1]]
Completed 200 OK in 4ms (Views: 0.2ms | ActiveRecord: 0.3ms | Allocations: 1290)


Started POST "/login" for ::1 at 2024-07-17 20:24:01 -0400
Processing by Users::SessionsController#create as HTML
  Parameters: {"user"=>{"email"=>"giovanni@giovanni.com", "password"=>"[FILTERED]"}, "session"=>{"user"=>{"email"=>"giovanni@giovanni.com", "password"=>"[FILTERED]"}}}
  [1m[36mUser Load (0.3ms)[0m  [1m[34mSELECT "users".* FROM "users" WHERE "users"."id" = $1 LIMIT $2[0m  [["id", 3], ["LIMIT", 1]]
Completed 200 OK in 4ms (Views: 0.2ms | ActiveRecord: 0.3ms | Allocations: 1278)


Started POST "/login" for ::1 at 2024-07-17 20:25:23 -0400
Processing by Users::SessionsController#create as HTML
  Parameters: {"user"=>{"email"=>"giovanni@giovanni.com", "password"=>"[FILTERED]"}, "session"=>{"user"=>{"email"=>"giovanni@giovanni.com", "password"=>"[FILTERED]"}}}
  [1m[36mUser Load (0.2ms)[0m  [1m[34mSELECT "users".* FROM "users" WHERE "users"."id" = $1 LIMIT $2[0m  [["id", 3], ["LIMIT", 1]]
Completed 200 OK in 3ms (Views: 0.2ms | ActiveRecord: 0.2ms | Allocations: 1278)


Started POST "/login" for ::1 at 2024-07-17 20:25:51 -0400
Processing by Users::SessionsController#create as HTML
  Parameters: {"user"=>{"email"=>"giovanni@giovanni.com", "password"=>"[FILTERED]"}, "session"=>{"user"=>{"email"=>"giovanni@giovanni.com", "password"=>"[FILTERED]"}}}
  [1m[36mUser Load (0.4ms)[0m  [1m[34mSELECT "users".* FROM "users" WHERE "users"."id" = $1 LIMIT $2[0m  [["id", 3], ["LIMIT", 1]]
Completed 200 OK in 4ms (Views: 0.2ms | ActiveRecord: 0.3ms | Allocations: 1277)


Started POST "/login" for ::1 at 2024-07-17 20:27:03 -0400
Processing by Users::SessionsController#create as HTML
  Parameters: {"user"=>{"email"=>"giovanni@giovanni.com", "password"=>"[FILTERED]"}, "session"=>{"user"=>{"email"=>"giovanni@giovanni.com", "password"=>"[FILTERED]"}}}
  [1m[36mUser Load (0.3ms)[0m  [1m[34mSELECT "users".* FROM "users" WHERE "users"."id" = $1 LIMIT $2[0m  [["id", 3], ["LIMIT", 1]]
Completed 200 OK in 4ms (Views: 0.2ms | ActiveRecord: 0.3ms | Allocations: 1278)


Started POST "/login" for ::1 at 2024-07-17 20:27:05 -0400
Processing by Users::SessionsController#create as HTML
  Parameters: {"user"=>{"email"=>"giovanni@giovanni.com", "password"=>"[FILTERED]"}, "session"=>{"user"=>{"email"=>"giovanni@giovanni.com", "password"=>"[FILTERED]"}}}
  [1m[36mUser Load (0.3ms)[0m  [1m[34mSELECT "users".* FROM "users" WHERE "users"."id" = $1 LIMIT $2[0m  [["id", 3], ["LIMIT", 1]]
Completed 200 OK in 3ms (Views: 0.1ms | ActiveRecord: 0.3ms | Allocations: 1277)


Started POST "/login" for ::1 at 2024-07-17 20:44:44 -0400
Processing by Users::SessionsController#create as HTML
  Parameters: {"user"=>{"email"=>"giovanni@giovanni.com", "password"=>"[FILTERED]"}, "session"=>{"user"=>{"email"=>"giovanni@giovanni.com", "password"=>"[FILTERED]"}}}
  [1m[36mUser Load (0.9ms)[0m  [1m[34mSELECT "users".* FROM "users" WHERE "users"."id" = $1 LIMIT $2[0m  [["id", 3], ["LIMIT", 1]]
Completed 200 OK in 128ms (Views: 0.3ms | ActiveRecord: 9.8ms | Allocations: 3990)


Started POST "/login" for ::1 at 2024-07-17 20:45:34 -0400
Processing by Users::SessionsController#create as HTML
  Parameters: {"user"=>{"email"=>"giovanni@giovanni.com", "password"=>"[FILTERED]"}, "session"=>{"user"=>{"email"=>"giovanni@giovanni.com", "password"=>"[FILTERED]"}}}
  [1m[36mUser Load (0.3ms)[0m  [1m[34mSELECT "users".* FROM "users" WHERE "users"."id" = $1 LIMIT $2[0m  [["id", 3], ["LIMIT", 1]]
Completed 200 OK in 3ms (Views: 0.1ms | ActiveRecord: 0.3ms | Allocations: 1277)


Started POST "/login" for ::1 at 2024-07-17 20:46:26 -0400
Processing by Users::SessionsController#create as HTML
  Parameters: {"user"=>{"email"=>"giovanni@giovanni.com", "password"=>"[FILTERED]"}, "session"=>{"user"=>{"email"=>"giovanni@giovanni.com", "password"=>"[FILTERED]"}}}
  [1m[36mUser Load (0.3ms)[0m  [1m[34mSELECT "users".* FROM "users" WHERE "users"."id" = $1 LIMIT $2[0m  [["id", 3], ["LIMIT", 1]]
Completed 200 OK in 4ms (Views: 0.2ms | ActiveRecord: 0.3ms | Allocations: 1277)


Started POST "/login" for ::1 at 2024-07-17 20:52:35 -0400
Processing by Users::SessionsController#create as HTML
  Parameters: {"user"=>{"email"=>"giovanni@giovanni.com", "password"=>"[FILTERED]"}, "session"=>{"user"=>{"email"=>"giovanni@giovanni.com", "password"=>"[FILTERED]"}}}
  [1m[36mUser Load (0.7ms)[0m  [1m[34mSELECT "users".* FROM "users" WHERE "users"."id" = $1 LIMIT $2[0m  [["id", 3], ["LIMIT", 1]]
Completed 200 OK in 64ms (Views: 0.3ms | ActiveRecord: 5.6ms | Allocations: 3968)


Started POST "/login" for ::1 at 2024-07-17 20:53:57 -0400
Processing by Users::SessionsController#create as HTML
  Parameters: {"user"=>{"email"=>"giovanni@giovanni.com", "password"=>"[FILTERED]"}, "session"=>{"user"=>{"email"=>"giovanni@giovanni.com", "password"=>"[FILTERED]"}}}
  [1m[36mUser Load (0.4ms)[0m  [1m[34mSELECT "users".* FROM "users" WHERE "users"."id" = $1 LIMIT $2[0m  [["id", 3], ["LIMIT", 1]]
Completed 200 OK in 4ms (Views: 0.2ms | ActiveRecord: 0.4ms | Allocations: 1277)


Started GET "/clients" for ::1 at 2024-07-17 20:53:57 -0400
Processing by ClientsController#index as HTML
  [1m[36mUser Load (0.4ms)[0m  [1m[34mSELECT "users".* FROM "users" WHERE "users"."id" = $1 LIMIT $2[0m  [["id", 3], ["LIMIT", 1]]
  [1m[36mClient Load (0.9ms)[0m  [1m[34mSELECT "clients".* FROM "clients"[0m
  ↳ app/controllers/clients_controller.rb:7:in `index'
Completed 200 OK in 13ms (Views: 0.6ms | ActiveRecord: 1.2ms | Allocations: 4840)


